<html>
<body>
<pre>
<h1>µVision Build Log</h1>
<h2>Project:</h2>
C:\Users\Max Wang\Documents\319k labs\students\csw2352_mw35322\Lab5\Lab5.uvproj
Project File Date:  03/05/2016

<h2>Output:</h2>
Build target 'Lab5'
compiling TableTrafficLight.c...
linking...
Program Size: Code=3976 RO-data=15220 RW-data=68 ZI-data=1756  
".\Lab5.axf" - 0 Error(s), 0 Warning(s).
cLight.c(83): error:  #29: expected an expression
        {,,5{1,2,3,Check2,5,6,7,8}},//Check1
TableTrafficLight.c(83): error:  #67: expected a "}"
        {,,5{1,2,3,Check2,5,6,7,8}},//Check1
TableTrafficLight.c(84): error:  #29: expected an expression
        {,,5{1,2,3,Check3,5,6,7,8}},//Check2
TableTrafficLight.c(84): error:  #29: expected an expression
        {,,5{1,2,3,Check3,5,6,7,8}},//Check2
TableTrafficLight.c(84): error:  #67: expected a "}"
        {,,5{1,2,3,Check3,5,6,7,8}},//Check2
TableTrafficLight.c(85): error:  #29: expected an expression
        {,,5{1,2,3,Check4,5,6,7,8}},//Check3
TableTrafficLight.c(85): error:  #29: expected an expression
        {,,5{1,2,3,Check4,5,6,7,8}},//Check3
TableTrafficLight.c(85): error:  #67: expected a "}"
        {,,5{1,2,3,Check4,5,6,7,8}},//Check3
TableTrafficLight.c(86): error:  #29: expected an expression
        {,,5{1,2,3,GoP,5,6,7,8}},//Check4
TableTrafficLight.c(86): error:  #29: expected an expression
        {,,5{1,2,3,GoP,5,6,7,8}},//Check4
TableTrafficLight.c(86): error:  #67: expected a "}"
        {,,5{1,2,3,GoP,5,6,7,8}},//Check4
TableTrafficLight.c: 0 warnings, 12 errors
".\Lab5.axf" - 12 Error(s), 0 Warning(s).
Target not created
